Sending build context to Docker daemon 196.6 kB
Step 1 : FROM ubuntu:latest
 ---> 4ca3a192ff2a
Step 2 : MAINTAINER Paulo Coutinho
 ---> Using cache
 ---> 22fdb271b742
Step 3 : RUN apt-get update && apt-get install -y      build-essential      git 	 python      wget 	 nano 	 curl 	 unzip 	 m4
 ---> Using cache
 ---> 6a36f84e3da5
Step 4 : RUN apt-get clean
 ---> Using cache
 ---> 72ee48030a36
Step 5 : ENV GMP_VERSION gmp-6.1.1
 ---> Using cache
 ---> 21824c90776c
Step 6 : ENV MPFR_VERSION mpfr-3.1.5
 ---> Using cache
 ---> b95472f3c88d
Step 7 : ENV MPC_VERSION mpc-1.0.3
 ---> Using cache
 ---> e0b7a8b4fcdd
Step 8 : ENV ISL_VERSION isl-0.16.1
 ---> Using cache
 ---> 9cdc1ba8ab68
Step 9 : ENV CLOOG_VERSION cloog-0.18.1
 ---> Using cache
 ---> 0b77fdf10911
Step 10 : ENV GCC_VERSION gcc-6.2.0
 ---> Using cache
 ---> e3abe816de1a
Step 11 : ENV BASE_DIR /gcc-for-arm
 ---> Using cache
 ---> d97f0ddb82fd
Step 12 : ENV GCC_PREFIX /gcc-for-arm/gcc-build
 ---> Using cache
 ---> 569afaf21daa
Step 13 : RUN mkdir -p ${BASE_DIR}
 ---> Using cache
 ---> 42645f43c7db
Step 14 : RUN mkdir -p ${GCC_PREFIX}
 ---> Using cache
 ---> 067dd0d0248f
Step 15 : RUN wget "ftp://ftp.gmplib.org/pub/$GMP_VERSION/${GMP_VERSION}.tar.bz2" -O ${BASE_DIR}/${GMP_VERSION}.tar.bz2
 ---> Using cache
 ---> 57125d1a4dd9
Step 16 : RUN wget "http://www.mpfr.org/mpfr-current/${MPFR_VERSION}.tar.gz" -O ${BASE_DIR}/${MPFR_VERSION}.tar.gz
 ---> Using cache
 ---> 319161e9024e
Step 17 : RUN wget "ftp://ftp.gnu.org/gnu/mpc/${MPC_VERSION}.tar.gz" -O ${BASE_DIR}/${MPC_VERSION}.tar.gz
 ---> Using cache
 ---> 4936a8c43dd2
Step 18 : RUN wget "ftp://gcc.gnu.org/pub/gcc/infrastructure/${ISL_VERSION}.tar.bz2" -O ${BASE_DIR}/${ISL_VERSION}.tar.bz2
 ---> Using cache
 ---> 2fe884747d19
Step 19 : RUN wget "ftp://gcc.gnu.org/pub/gcc/infrastructure/${CLOOG_VERSION}.tar.gz" -O ${BASE_DIR}/${CLOOG_VERSION}.tar.gz
 ---> Using cache
 ---> 470b3365d4df
Step 20 : RUN wget "ftp://ftp.uvsq.fr/pub/gcc/releases/${GCC_VERSION}/${GCC_VERSION}.tar.bz2" -O ${BASE_DIR}/${GCC_VERSION}.tar.bz2
 ---> Using cache
 ---> 16e8394cab13
Step 21 : ENV ANDROID_API 15
 ---> Using cache
 ---> 04a0babea7d1
Step 22 : RUN wget https://dl.google.com/android/repository/android-ndk-r13b-linux-x86_64.zip -O ${BASE_DIR}/android-ndk-r13b-linux-x86_64.zip
 ---> Using cache
 ---> 151bcefb94cd
Step 23 : RUN unzip ${BASE_DIR}/android-ndk-r13b-linux-x86_64.zip -d ${BASE_DIR}
 ---> Using cache
 ---> 54820a064919
Step 24 : ENV NDK_HOME ${BASE_DIR}/android-ndk-r13b
 ---> Using cache
 ---> 747f6e8f40a2
Step 25 : ENV NDK_GCC_VERSION 4.9
 ---> Using cache
 ---> 2436caae2483
Step 26 : ENV CROSS_COMPILER_PREFIX ${NDK_HOME}/toolchains/arm-linux-androideabi-${NDK_GCC_VERSION}/prebuilt/linux-x86_64/bin/arm-linux-androideabi
 ---> Using cache
 ---> 079d79b022b4
Step 27 : WORKDIR ${BASE_DIR}
 ---> Using cache
 ---> 0a73ccbf0e42
Step 28 : RUN tar xfjv "${GMP_VERSION}.tar.bz2"
 ---> Using cache
 ---> 56ff62c26b07
Step 29 : RUN mkdir "${GMP_VERSION}/build"
 ---> Using cache
 ---> 47af401e2232
Step 30 : WORKDIR "${GMP_VERSION}/build"
 ---> Using cache
 ---> 3641d5598c11
Step 31 : RUN ../configure 	--prefix="${GCC_PREFIX}/gmp" 	--host=arm-android-eabi  	--target=arm-android-eabi  	--build=x86_64-linux-gnu 	AR=${CROSS_COMPILER}-ar 	CC=${CROSS_COMPILER}-gcc 	CXX=${CROSS_COMPILER}-g++ 	CPP=${CROSS_COMPILER}-cpp
 ---> Running in 1620b2a75d72
checking build system type... x86_64-pc-linux-gnu
checking host system type... arm-android-eabi
checking for a BSD-compatible install... /usr/bin/install -c
checking whether build environment is sane... yes
checking for arm-android-eabi-strip... no
checking for strip... strip
checking for a thread-safe mkdir -p... /bin/mkdir -p
checking for gawk... no
checking for mawk... mawk
[91mconfigure: WARNING: using cross tools not prefixed with host triplet
[0mchecking whether make sets $(MAKE)... yes
checking whether make supports nested variables... yes
checking whether to enable maintainer-specific portions of Makefiles... no
checking ABI=standard
checking compiler -gcc  ... no
[91mconfigure: error: could not find a working compiler, see config.log for details
[0m